Sending build context to Docker daemon  8.294MB
Step 1/6 : FROM alpine:latest
 ---> a24bb4013296
Step 2/6 : LABEL version=0.1
 ---> Running in 2fe8be28168c
Removing intermediate container 2fe8be28168c
 ---> 57dc5d7aaf59
Step 3/6 : COPY ./klevr_webconsole  /
 ---> a0c7509e888a
Step 4/6 : ENV API_SERVER="0.0.0.0"
 ---> Running in 9409480e6ca3
Removing intermediate container 9409480e6ca3
 ---> 9d6df1c6dfbd
Step 5/6 : ENTRYPOINT  /klevr_webconsole -apiserver=$API_SERVER
 ---> Running in 63822b3fc8d2
Removing intermediate container 63822b3fc8d2
 ---> 1e9eae3c984c
Step 6/6 : EXPOSE  8080
 ---> Running in f131520b3d97
Removing intermediate container f131520b3d97
 ---> a1932af96052
Successfully built a1932af96052
Successfully tagged klevr_websonsole:0.1
